# JRE version: Java(TM) SE Runtime Environment (17.0.8+9) (build 17.0.8+9-LTS-211)
# Java VM: Java HotSpot(TM) 64-Bit Server VM (17.0.8+9-LTS-211, mixed mode, sharing, tiered, compressed oops, compressed class ptrs, g1 gc, windows-amd64)
GC Precious Log:
 CPUs: 20 total, 20 available
 Memory: 24299M
 Large Page Support: Disabled
 NUMA Support: Disabled
 Compressed Oops: Enabled (32-bit)
 Heap Region Size: 1M
 Heap Min Capacity: 8M
 Heap Initial Capacity: 380M
 Heap Max Capacity: 2G
 Pre-touch: Disabled
 Parallel Workers: 15
 Concurrent Workers: 4
 Concurrent Refinement Workers: 15
 Periodic GC: Disabled
Heap:
 garbage-first heap   total 199680K, used 145985K [0x0000000080000000, 0x0000000100000000)
  region size 1024K, 36 young (36864K), 2 survivors (2048K)
 Metaspace       used 95478K, committed 96256K, reserved 1179648K
  class space    used 13416K, committed 13824K, reserved 1048576K
GC Heap History (20 events):
Event: 19.929 GC heap before
{Heap before GC invocations=34 (full 0):
 garbage-first heap   total 188416K, used 100041K [0x0000000080000000, 0x0000000100000000)
  region size 1024K, 9 young (9216K), 8 survivors (8192K)
 Metaspace       used 87386K, committed 88128K, reserved 1179648K
  class space    used 12193K, committed 12608K, reserved 1048576K
}
Event: 19.931 GC heap after
{Heap after GC invocations=35 (full 0):
 garbage-first heap   total 188416K, used 100201K [0x0000000080000000, 0x0000000100000000)
  region size 1024K, 4 young (4096K), 4 survivors (4096K)
 Metaspace       used 87386K, committed 88128K, reserved 1179648K
  class space    used 12193K, committed 12608K, reserved 1048576K
}
Event: 20.805 GC heap before
{Heap before GC invocations=36 (full 0):
 garbage-first heap   total 188416K, used 157545K [0x0000000080000000, 0x0000000100000000)
  region size 1024K, 60 young (61440K), 4 survivors (4096K)
 Metaspace       used 91898K, committed 92736K, reserved 1179648K
  class space    used 12884K, committed 13312K, reserved 1048576K
}
Event: 20.809 GC heap after
{Heap after GC invocations=37 (full 0):
 garbage-first heap   total 188416K, used 102291K [0x0000000080000000, 0x0000000100000000)
  region size 1024K, 6 young (6144K), 6 survivors (6144K)
 Metaspace       used 91898K, committed 92736K, reserved 1179648K
  class space    used 12884K, committed 13312K, reserved 1048576K
}
Event: 20.851 GC heap before
{Heap before GC invocations=37 (full 0):
 garbage-first heap   total 188416K, used 104339K [0x0000000080000000, 0x0000000100000000)
  region size 1024K, 9 young (9216K), 6 survivors (6144K)
 Metaspace       used 92079K, committed 92928K, reserved 1179648K
  class space    used 12908K, committed 13312K, reserved 1048576K
}
Event: 20.853 GC heap after
{Heap after GC invocations=38 (full 0):
 garbage-first heap   total 188416K, used 101427K [0x0000000080000000, 0x0000000100000000)
  region size 1024K, 1 young (1024K), 1 survivors (1024K)
 Metaspace       used 92079K, committed 92928K, reserved 1179648K
  class space    used 12908K, committed 13312K, reserved 1048576K
}
Event: 22.041 GC heap before
{Heap before GC invocations=38 (full 0):
 garbage-first heap   total 188416K, used 157747K [0x0000000080000000, 0x0000000100000000)
  region size 1024K, 57 young (58368K), 1 survivors (1024K)
 Metaspace       used 94897K, committed 95744K, reserved 1179648K
  class space    used 13355K, committed 13760K, reserved 1048576K
}
Event: 22.046 GC heap after
{Heap after GC invocations=39 (full 0):
 garbage-first heap   total 188416K, used 107229K [0x0000000080000000, 0x0000000100000000)
  region size 1024K, 7 young (7168K), 7 survivors (7168K)
 Metaspace       used 94897K, committed 95744K, reserved 1179648K
  class space    used 13355K, committed 13760K, reserved 1048576K
}
Event: 22.202 GC heap before
{Heap before GC invocations=39 (full 0):
 garbage-first heap   total 188416K, used 156381K [0x0000000080000000, 0x0000000100000000)
  region size 1024K, 55 young (56320K), 7 survivors (7168K)
 Metaspace       used 94914K, committed 95744K, reserved 1179648K
  class space    used 13356K, committed 13760K, reserved 1048576K
}
Event: 22.207 GC heap after
{Heap after GC invocations=40 (full 0):
 garbage-first heap   total 188416K, used 109658K [0x0000000080000000, 0x0000000100000000)
  region size 1024K, 4 young (4096K), 4 survivors (4096K)
 Metaspace       used 94914K, committed 95744K, reserved 1179648K
  class space    used 13356K, committed 13760K, reserved 1048576K
}
Event: 22.458 GC heap before
{Heap before GC invocations=41 (full 0):
 garbage-first heap   total 199680K, used 156762K [0x0000000080000000, 0x0000000100000000)
  region size 1024K, 50 young (51200K), 4 survivors (4096K)
 Metaspace       used 94941K, committed 95744K, reserved 1179648K
  class space    used 13356K, committed 13760K, reserved 1048576K
}
Event: 22.462 GC heap after
{Heap after GC invocations=42 (full 0):
 garbage-first heap   total 199680K, used 110600K [0x0000000080000000, 0x0000000100000000)
  region size 1024K, 5 young (5120K), 5 survivors (5120K)
 Metaspace       used 94941K, committed 95744K, reserved 1179648K
  class space    used 13356K, committed 13760K, reserved 1048576K
}
Event: 22.511 GC heap before
{Heap before GC invocations=42 (full 0):
 garbage-first heap   total 199680K, used 114696K [0x0000000080000000, 0x0000000100000000)
  region size 1024K, 9 young (9216K), 5 survivors (5120K)
 Metaspace       used 94941K, committed 95744K, reserved 1179648K
  class space    used 13356K, committed 13760K, reserved 1048576K
}
Event: 22.514 GC heap after
{Heap after GC invocations=43 (full 0):
 garbage-first heap   total 199680K, used 109084K [0x0000000080000000, 0x0000000100000000)
  region size 1024K, 2 young (2048K), 2 survivors (2048K)
 Metaspace       used 94941K, committed 95744K, reserved 1179648K
  class space    used 13356K, committed 13760K, reserved 1048576K
}
Event: 23.793 GC heap before
{Heap before GC invocations=43 (full 0):
 garbage-first heap   total 199680K, used 164380K [0x0000000080000000, 0x0000000100000000)
  region size 1024K, 57 young (58368K), 2 survivors (2048K)
 Metaspace       used 95165K, committed 96000K, reserved 1179648K
  class space    used 13385K, committed 13824K, reserved 1048576K
}
Event: 23.797 GC heap after
{Heap after GC invocations=44 (full 0):
 garbage-first heap   total 199680K, used 112314K [0x0000000080000000, 0x0000000100000000)
  region size 1024K, 6 young (6144K), 6 survivors (6144K)
 Metaspace       used 95165K, committed 96000K, reserved 1179648K
  class space    used 13385K, committed 13824K, reserved 1048576K
}
Event: 24.022 GC heap before
{Heap before GC invocations=45 (full 0):
 garbage-first heap   total 199680K, used 163514K [0x0000000080000000, 0x0000000100000000)
  region size 1024K, 57 young (58368K), 6 survivors (6144K)
 Metaspace       used 95256K, committed 96064K, reserved 1179648K
  class space    used 13396K, committed 13824K, reserved 1048576K
}
Event: 24.024 GC heap after
{Heap after GC invocations=46 (full 0):
 garbage-first heap   total 199680K, used 113918K [0x0000000080000000, 0x0000000100000000)
  region size 1024K, 5 young (5120K), 5 survivors (5120K)
 Metaspace       used 95256K, committed 96064K, reserved 1179648K
  class space    used 13396K, committed 13824K, reserved 1048576K
}
Event: 24.040 GC heap before
{Heap before GC invocations=46 (full 0):
 garbage-first heap   total 199680K, used 118014K [0x0000000080000000, 0x0000000100000000)
  region size 1024K, 9 young (9216K), 5 survivors (5120K)
 Metaspace       used 95263K, committed 96064K, reserved 1179648K
  class space    used 13396K, committed 13824K, reserved 1048576K
}
Event: 24.043 GC heap after
{Heap after GC invocations=47 (full 0):
 garbage-first heap   total 199680K, used 113217K [0x0000000080000000, 0x0000000100000000)
  region size 1024K, 2 young (2048K), 2 survivors (2048K)
 Metaspace       used 95263K, committed 96064K, reserved 1179648K
  class space    used 13396K, committed 13824K, reserved 1048576K
}

