<?xml version="1.0" encoding="UTF-8"?>
<testsuite name="com.empathy.ai.build.SemanticVersionTest" tests="38" skipped="0" failures="0" errors="0" timestamp="2026-01-02T03:29:42.426Z" hostname="LAPTOP-3M5K1Q82" time="0.021">
  <properties/>
  <testcase name="bump patch clears prerelease and build" classname="com.empathy.ai.build.SemanticVersionTest" time="0.001"/>
  <testcase name="toString formats correctly" classname="com.empathy.ai.build.SemanticVersionTest" time="0.0"/>
  <testcase name="toString with prerelease" classname="com.empathy.ai.build.SemanticVersionTest" time="0.0"/>
  <testcase name="fromVersionCode reverses correctly" classname="com.empathy.ai.build.SemanticVersionTest" time="0.0"/>
  <testcase name="toVersionCode for zero version" classname="com.empathy.ai.build.SemanticVersionTest" time="0.0"/>
  <testcase name="parse invalid version throws exception" classname="com.empathy.ai.build.SemanticVersionTest" time="0.002"/>
  <testcase name="toString with prerelease and build" classname="com.empathy.ai.build.SemanticVersionTest" time="0.0"/>
  <testcase name="toString with build" classname="com.empathy.ai.build.SemanticVersionTest" time="0.001"/>
  <testcase name="bump major version" classname="com.empathy.ai.build.SemanticVersionTest" time="0.001"/>
  <testcase name="parse incomplete version throws exception" classname="com.empathy.ai.build.SemanticVersionTest" time="0.001"/>
  <testcase name="parse zero version" classname="com.empathy.ai.build.SemanticVersionTest" time="0.0"/>
  <testcase name="compare major versions" classname="com.empathy.ai.build.SemanticVersionTest" time="0.003"/>
  <testcase name="bump major clears prerelease and build" classname="com.empathy.ai.build.SemanticVersionTest" time="0.0"/>
  <testcase name="toShortString ignores prerelease and build" classname="com.empathy.ai.build.SemanticVersionTest" time="0.002"/>
  <testcase name="constructor rejects negative major" classname="com.empathy.ai.build.SemanticVersionTest" time="0.001"/>
  <testcase name="constructor rejects negative minor" classname="com.empathy.ai.build.SemanticVersionTest" time="0.002"/>
  <testcase name="constructor rejects negative patch" classname="com.empathy.ai.build.SemanticVersionTest" time="0.001"/>
  <testcase name="parseOrNull returns null for invalid version" classname="com.empathy.ai.build.SemanticVersionTest" time="0.0"/>
  <testcase name="parse version with build metadata" classname="com.empathy.ai.build.SemanticVersionTest" time="0.0"/>
  <testcase name="parse version with whitespace" classname="com.empathy.ai.build.SemanticVersionTest" time="0.001"/>
  <testcase name="parse version with prerelease" classname="com.empathy.ai.build.SemanticVersionTest" time="0.0"/>
  <testcase name="prerelease version is less than release" classname="com.empathy.ai.build.SemanticVersionTest" time="0.0"/>
  <testcase name="toVersionCode for large version" classname="com.empathy.ai.build.SemanticVersionTest" time="0.0"/>
  <testcase name="parse large version numbers" classname="com.empathy.ai.build.SemanticVersionTest" time="0.0"/>
  <testcase name="parse valid version string" classname="com.empathy.ai.build.SemanticVersionTest" time="0.0"/>
  <testcase name="bump patch version" classname="com.empathy.ai.build.SemanticVersionTest" time="0.0"/>
  <testcase name="withBuild sets build" classname="com.empathy.ai.build.SemanticVersionTest" time="0.001"/>
  <testcase name="compare patch versions" classname="com.empathy.ai.build.SemanticVersionTest" time="0.0"/>
  <testcase name="withPrerelease sets prerelease" classname="com.empathy.ai.build.SemanticVersionTest" time="0.0"/>
  <testcase name="parseOrNull returns version for valid input" classname="com.empathy.ai.build.SemanticVersionTest" time="0.0"/>
  <testcase name="bump minor version" classname="com.empathy.ai.build.SemanticVersionTest" time="0.0"/>
  <testcase name="parse negative version throws exception" classname="com.empathy.ai.build.SemanticVersionTest" time="0.0"/>
  <testcase name="DEFAULT version is 1_0_0" classname="com.empathy.ai.build.SemanticVersionTest" time="0.0"/>
  <testcase name="compare minor versions" classname="com.empathy.ai.build.SemanticVersionTest" time="0.0"/>
  <testcase name="bump minor clears prerelease and build" classname="com.empathy.ai.build.SemanticVersionTest" time="0.0"/>
  <testcase name="parse version with prerelease and build" classname="com.empathy.ai.build.SemanticVersionTest" time="0.001"/>
  <testcase name="equal versions compare as equal" classname="com.empathy.ai.build.SemanticVersionTest" time="0.0"/>
  <testcase name="toVersionCode calculates correctly" classname="com.empathy.ai.build.SemanticVersionTest" time="0.0"/>
  <system-out><![CDATA[]]></system-out>
  <system-err><![CDATA[]]></system-err>
</testsuite>
