<?xml version="1.0" encoding="UTF-8"?>
<testsuite name="com.empathy.ai.build.IconManagerUnifiedModeTest" tests="4" skipped="0" failures="0" errors="0" timestamp="2026-01-02T03:29:42.125Z" hostname="LAPTOP-3M5K1Q82" time="0.294">
  <properties/>
  <testcase name="switchToStage - 图标复制到正确的目标目录" classname="com.empathy.ai.build.IconManagerUnifiedModeTest" time="0.083"/>
  <testcase name="switchToStage - 统一图标文件不存在时返回失败" classname="com.empathy.ai.build.IconManagerUnifiedModeTest" time="0.002"/>
  <testcase name="switchToStage - 所有阶段使用相同图标" classname="com.empathy.ai.build.IconManagerUnifiedModeTest" time="0.122"/>
  <testcase name="switchToStage - 使用统一图标成功切换" classname="com.empathy.ai.build.IconManagerUnifiedModeTest" time="0.085"/>
  <system-out><![CDATA[]]></system-out>
  <system-err><![CDATA[]]></system-err>
</testsuite>
