<?xml version="1.0" encoding="UTF-8"?>
<testsuite name="com.empathy.ai.build.VersionManagerTest" tests="23" skipped="0" failures="0" errors="0" timestamp="2026-01-02T03:29:42.510Z" hostname="LAPTOP-3M5K1Q82" time="0.306">
  <properties/>
  <testcase name="getCurrentVersionCode calculates from version when code missing" classname="com.empathy.ai.build.VersionManagerTest" time="0.035"/>
  <testcase name="getVersionHistory returns empty when file corrupted" classname="com.empathy.ai.build.VersionManagerTest" time="0.019"/>
  <testcase name="updateVersion adds missing fields" classname="com.empathy.ai.build.VersionManagerTest" time="0.014"/>
  <testcase name="isConfigValid returns true for valid config" classname="com.empathy.ai.build.VersionManagerTest" time="0.015"/>
  <testcase name="getCurrentStage returns default when file not found" classname="com.empathy.ai.build.VersionManagerTest" time="0.006"/>
  <testcase name="getVersionHistory returns empty when file not found" classname="com.empathy.ai.build.VersionManagerTest" time="0.009"/>
  <testcase name="getCurrentVersionOrDefault returns default when file not found" classname="com.empathy.ai.build.VersionManagerTest" time="0.005"/>
  <testcase name="isConfigValid returns false when file not found" classname="com.empathy.ai.build.VersionManagerTest" time="0.006"/>
  <testcase name="getCurrentVersion throws when file not found" classname="com.empathy.ai.build.VersionManagerTest" time="0.005"/>
  <testcase name="updateVersionHistory appends to existing history" classname="com.empathy.ai.build.VersionManagerTest" time="0.034"/>
  <testcase name="getCurrentStage returns correct stage" classname="com.empathy.ai.build.VersionManagerTest" time="0.018"/>
  <testcase name="isConfigValid returns false for invalid version" classname="com.empathy.ai.build.VersionManagerTest" time="0.011"/>
  <testcase name="getCurrentStage returns default when stage key missing" classname="com.empathy.ai.build.VersionManagerTest" time="0.012"/>
  <testcase name="updateVersionHistory creates history file" classname="com.empathy.ai.build.VersionManagerTest" time="0.019"/>
  <testcase name="getCurrentVersionOrDefault returns version when file exists" classname="com.empathy.ai.build.VersionManagerTest" time="0.01"/>
  <testcase name="getCurrentVersionCode returns default when file not found" classname="com.empathy.ai.build.VersionManagerTest" time="0.009"/>
  <testcase name="updateVersion updates all fields" classname="com.empathy.ai.build.VersionManagerTest" time="0.015"/>
  <testcase name="getCurrentVersionCode returns correct code" classname="com.empathy.ai.build.VersionManagerTest" time="0.011"/>
  <testcase name="updateVersion throws when file not found" classname="com.empathy.ai.build.VersionManagerTest" time="0.009"/>
  <testcase name="getCurrentVersion returns correct version" classname="com.empathy.ai.build.VersionManagerTest" time="0.01"/>
  <testcase name="getVersionSummary returns formatted summary" classname="com.empathy.ai.build.VersionManagerTest" time="0.015"/>
  <testcase name="getVersionSummary returns error message when config invalid" classname="com.empathy.ai.build.VersionManagerTest" time="0.008"/>
  <testcase name="getCurrentVersion throws when version key missing" classname="com.empathy.ai.build.VersionManagerTest" time="0.008"/>
  <system-out><![CDATA[]]></system-out>
  <system-err><![CDATA[]]></system-err>
</testsuite>
