<?xml version="1.0" encoding="UTF-8"?>
<testsuite name="com.empathy.ai.build.BackupManagerTest" tests="18" skipped="0" failures="0" errors="0" timestamp="2026-01-02T03:29:36.098Z" hostname="LAPTOP-3M5K1Q82" time="5.546">
  <properties/>
  <testcase name="restore - 从备份恢复" classname="com.empathy.ai.build.BackupManagerTest" time="0.051"/>
  <testcase name="hasBackups - 没有备份时返回false" classname="com.empathy.ai.build.BackupManagerTest" time="0.003"/>
  <testcase name="getBackupDirSize - 返回备份目录大小" classname="com.empathy.ai.build.BackupManagerTest" time="0.05"/>
  <testcase name="cleanupOldBackups - 保留最近N个备份" classname="com.empathy.ai.build.BackupManagerTest" time="0.373"/>
  <testcase name="listBackups - 列出所有备份" classname="com.empathy.ai.build.BackupManagerTest" time="2.27"/>
  <testcase name="restore - 备份目录不存在时抛出异常" classname="com.empathy.ai.build.BackupManagerTest" time="0.006"/>
  <testcase name="hasBackups - 有备份时返回true" classname="com.empathy.ai.build.BackupManagerTest" time="0.034"/>
  <testcase name="getLatestBackup - 没有备份时返回null" classname="com.empathy.ai.build.BackupManagerTest" time="0.005"/>
  <testcase name="backupIcons - 备份所有密度图标" classname="com.empathy.ai.build.BackupManagerTest" time="0.138"/>
  <testcase name="deleteBackup - 删除不存在的备份返回false" classname="com.empathy.ai.build.BackupManagerTest" time="0.006"/>
  <testcase name="createBackup - 备份图标目录" classname="com.empathy.ai.build.BackupManagerTest" time="0.094"/>
  <testcase name="createBackup - 备份配置文件" classname="com.empathy.ai.build.BackupManagerTest" time="0.053"/>
  <testcase name="getLatestBackup - 返回最新备份" classname="com.empathy.ai.build.BackupManagerTest" time="1.146"/>
  <testcase name="deleteBackup - 删除指定备份" classname="com.empathy.ai.build.BackupManagerTest" time="0.026"/>
  <testcase name="listBackups - 按时间倒序排列" classname="com.empathy.ai.build.BackupManagerTest" time="1.149"/>
  <testcase name="createBackup - 创建元数据文件" classname="com.empathy.ai.build.BackupManagerTest" time="0.03"/>
  <testcase name="restoreIcons - 恢复图标" classname="com.empathy.ai.build.BackupManagerTest" time="0.074"/>
  <testcase name="createBackup - 创建空备份" classname="com.empathy.ai.build.BackupManagerTest" time="0.029"/>
  <system-out><![CDATA[]]></system-out>
  <system-err><![CDATA[]]></system-err>
</testsuite>
